# snaphu v1.4.2
# Log file generated Tue Jun 16 14:26:41 2020
# Current working directory: /home/gert/Software/rippl
# Command line call: /usr/bin/snaphu -f /mnt/f7b747c7-594a-44bb-a62a-a3bf2371d931/SAR_processing/radar_datastacks/Sentinel-1/Florence/20160416_20160615/unwrapped_VV@geo_WGS84_1_1_in_coor_geo_WGS84_1_1.conf

# File input and output and runtime options
INFILE  /mnt/f7b747c7-594a-44bb-a62a-a3bf2371d931/SAR_processing/radar_datastacks/Sentinel-1/Florence/20160416_20160615/interferogram_VV@geo_WGS84_1_1_in_coor_radar.raw
LINELENGTH  2106
OUTFILE  /mnt/f7b747c7-594a-44bb-a62a-a3bf2371d931/SAR_processing/radar_datastacks/Sentinel-1/Florence/20160416_20160615/unwrapped_VV@geo_WGS84_1_1_in_coor_geo_WGS84_1_1.raw
# Empty value for parameter WEIGHTFILE
# Empty value for parameter AMPFILE
# Empty value for parameter MAGFILE
CORRFILE  /mnt/f7b747c7-594a-44bb-a62a-a3bf2371d931/SAR_processing/radar_datastacks/Sentinel-1/Florence/20160416_20160615/coherence_VV@geo_WGS84_1_1_in_coor_geo_WGS84_1_1.raw
# Empty value for parameter ESTIMATEFILE
# Empty value for parameter COSTINFILE
# Empty value for parameter COSTOUTFILE
LOGFILE  unwrapped_VV@geo_WGS84_1_1_in_coor_geo_WGS84_1_1.log
STATCOSTMODE  SMOOTH
INITONLY  FALSE
UNWRAPPED_IN  FALSE
DEBUG  FALSE
INITMETHOD  MST
VERBOSE  FALSE

# File Formats
INFILEFORMAT  COMPLEX_DATA
OUTFILEFORMAT  FLOAT_DATA
AMPFILEFORMAT  ALT_SAMPLE_DATA
MAGFILEFORMAT  FLOAT_DATA
CORRFILEFORMAT  FLOAT_DATA
ESTFILEFORMAT  ALT_LINE_DATA
UNWRAPPEDINFILEFORMAT  ALT_LINE_DATA

# SAR and Geometry Parameters
ALTITUDE  775000.00000000
# ORBITRADIUS  7153000.00000000
EARTHRADIUS  6378000.00000000
BASELINE 150.00000000
BASELINEANGLE_DEG 225.00000000
TRANSMITMODE  REPEATPASS
NEARRANGE  831000.00000000
DR  8.00000000
DA  20.00000000
RANGERES  10.00000000
AZRES  6.00000000
LAMBDA  0.05656470
NLOOKSRANGE  1
NLOOKSAZ  5
NLOOKSOTHER  1
NCORRLOOKS  23.80000000
NCORRLOOKSRANGE  3
NCORRLOOKSAZ  15

# Scattering model parameters
KDS  0.02000000
SPECULAREXP  8.00000000
DZRCRITFACTOR  2.00000000
SHADOW  FALSE
DZEIMIN  -4.00000000
LAYWIDTH  16
LAYMINEI  1.25000000
SLOPERATIOFACTOR  1.18000000
SIGSQEI  100.00000000

# Decorrelation model parameters
DRHO  0.00500000
RHOSCONST1  1.30000000
RHOSCONST2  0.14000000
CSTD1  0.40000000
CSTD2  0.35000000
CSTD3  0.06000000
DEFAULTCORR  0.01000000
RHOMINFACTOR  1.30000000

# PDF model parameters
DZLAYPEAK  -2.00000000
AZDZFACTOR  0.99000000
DZEIFACTOR  4.00000000
DZEIWEIGHT  0.50000000
DZLAYFACTOR  1.00000000
LAYCONST  0.90000000
LAYFALLOFFCONST  2.00000000
SIGSQSHORTMIN  1
SIGSQLAYFACTOR  0.10000000

# Deformation mode parameters
DEFOAZDZFACTOR  1.00000000
DEFOTHRESHFACTOR  1.20000000
DEFOMAX_CYCLE  1.20000000
SIGSQCORR  0.05000000
DEFOCONST  0.90000000

# Algorithm parameters
INITMAXFLOW  9999
ARCMAXFLOWCONST  3
MAXFLOW  4
KROWEI  65
KCOLEI  257
KPARDPSI  7
KPERPDPSI  7
THRESHOLD  0.00100000
INITDZR  2048.00000000
INITDZSTEP  100.00000000
MAXCOST  1000.00000000
COSTSCALE  100.00000000
COSTSCALEAMBIGHT  80.00000000
DNOMINCANGLE  0.01000000
NSHORTCYCLE  200
MAXNEWNODECONST  0.00080000
MAXNFLOWCYCLES  13
SOURCEMODE  0
CS2SCALEFACTOR  8

# File names for dumping intermediate arrays
# Empty value for parameter INITFILE
# Empty value for parameter FLOWFILE
# Empty value for parameter EIFILE
# Empty value for parameter ROWCOSTFILE
# Empty value for parameter COLCOSTFILE
# Empty value for parameter MSTROWCOSTFILE
# Empty value for parameter MSTCOLCOSTFILE
# Empty value for parameter MSTCOSTSFILE
# Empty value for parameter RAWCORRDUMPFILE
# Empty value for parameter CORRDUMPFILE

# Piece extraction parameters
PIECEFIRSTROW  1
PIECEFIRSTCOL  1
PIECENROW  611
PIECENCOL  2106

# Tile control
NTILEROW  1
NTILECOL  1
ROWOVRLP  0
COLOVRLP  0
NPROC  1
TILECOSTTHRESH  500
MINREGIONSIZE  100
TILEEDGEWEIGHT  2.50000000
SCNDRYARCFLOWMAX  8
RMTMPTILE  FALSE
ASSEMBLEONLY  FALSE

# Connected component control
# Empty value for parameter CONNCOMPFILE
REGROWCONNCOMPS  FALSE
MINCONNCOMPFRAC  0.01000000
CONNCOMPTHRESH  300
MAXNCOMPS  32
